#
# There is insufficient memory for the Java Runtime Environment to continue.
# Native memory allocation (malloc) failed to allocate 1048576 bytes. Error detail: AllocateHeap
# Possible reasons:
#   The system is out of physical RAM or swap space
#   This process is running with CompressedOops enabled, and the Java Heap may be blocking the growth of the native heap
# Possible solutions:
#   Reduce memory load on the system
#   Increase physical memory or swap space
#   Check if swap backing store is full
#   Decrease Java heap size (-Xmx/-Xms)
#   Decrease number of Java threads
#   Decrease Java thread stack sizes (-Xss)
#   Set larger code cache with -XX:ReservedCodeCacheSize=
#   JVM is running with Unscaled Compressed Oops mode in which the Java heap is
#     placed in the first 4GB address space. The Java Heap base address is the
#     maximum limit for the native heap growth. Please use -XX:HeapBaseMinAddress
#     to set the Java Heap base and to place the Java Heap above 4GB virtual address.
# This output file may be truncated or incomplete.
#
#  Out of Memory Error (allocation.cpp:44), pid=51612, tid=53816
#
# JRE version:  (17.0.11+9) (build )
# Java VM: OpenJDK 64-Bit Server VM (17.0.11+9-LTS, mixed mode, emulated-client, sharing, tiered, compressed oops, compressed class ptrs, g1 gc, windows-amd64)
# No core dump will be written. Minidumps are not enabled by default on client versions of Windows
#

---------------  S U M M A R Y ------------

Command Line: -XX:TieredStopAtLevel=1 -Dspring.output.ansi.enabled=always -Dcom.sun.management.jmxremote -Dspring.jmx.enabled=true -Dspring.liveBeansView.mbeanDomain -Dspring.application.admin.enabled=true -Dmanagement.endpoints.jmx.exposure.include=* -javaagent:C:\Program Files\JetBrains\IntelliJ IDEA 2024.1\lib\idea_rt.jar=51357:C:\Program Files\JetBrains\IntelliJ IDEA 2024.1\bin -Dfile.encoding=UTF-8 restapi.banking.app.AppApplication

Host: AMD Ryzen 5 7530U with Radeon Graphics         , 12 cores, 7G,  Windows 11 , 64 bit Build 22621 (10.0.22621.3527)
Time: Thu May 16 15:53:46 2024 W. Europe Summer Time elapsed time: 0.016215 seconds (0d 0h 0m 0s)

---------------  T H R E A D  ---------------

Current thread (0x0000013b21282e00):  JavaThread "Unknown thread" [_thread_in_vm, id=53816, stack(0x00000001fe300000,0x00000001fe400000)]

Stack: [0x00000001fe300000,0x00000001fe400000]
Native frames: (J=compiled Java code, j=interpreted, Vv=VM code, C=native code)
V  [jvm.dll+0x67d009]
V  [jvm.dll+0x83489a]
V  [jvm.dll+0x83635e]
V  [jvm.dll+0x8369c3]
V  [jvm.dll+0x2479df]
V  [jvm.dll+0xa6cb3]
V  [jvm.dll+0x2e73b7]
V  [jvm.dll+0x2df1db]
V  [jvm.dll+0x806221]
V  [jvm.dll+0x36c161]
V  [jvm.dll+0x7e4c56]
V  [jvm.dll+0x3ef9cf]
V  [jvm.dll+0x3f1521]
C  [jli.dll+0x528f]
C  [ucrtbase.dll+0x29333]
C  [KERNEL32.DLL+0x1257d]
C  [ntdll.dll+0x5aa48]


---------------  P R O C E S S  ---------------

Threads class SMR info:
_java_thread_list=0x00007ffbe0ffeed8, length=0, elements={
}

Java Threads: ( => current thread )

Other Threads:
  0x0000013b212dafc0 GCTaskThread "GC Thread#0" [stack: 0x00000001fe400000,0x00000001fe500000] [id=53284]

[error occurred during error reporting (printing all threads), id 0xc0000005, EXCEPTION_ACCESS_VIOLATION (0xc0000005) at pc=0x00007ffbe07bc300]

VM state: not at safepoint (not fully initialized)

VM Mutex/Monitor currently owned by a thread:  ([mutex/lock_event])
[0x0000013b2127ede0] Heap_lock - owner thread: 0x0000013b21282e00

Heap address: 0x000000008a600000, size: 1882 MB, Compressed Oops mode: 32-bit

CDS archive(s) mapped at: [0x0000000000000000-0x0000000000000000-0x0000000000000000), size 0, SharedBaseAddress: 0x0000000800000000, ArchiveRelocationMode: 1.
Narrow klass base: 0x0000000000000000, Narrow klass shift: 0, Narrow klass range: 0x0

GC Precious Log:
<Empty>

Heap:
 garbage-first heap   total 0K, used 0K [0x000000008a600000, 0x0000000100000000)
  region size 1024K, 0 young (0K), 0 survivors (0K)

[error occurred during error reporting (printing heap information), id 0xc0000005, EXCEPTION_ACCESS_VIOLATION (0xc0000005) at pc=0x00007ffbe0ba6d29]

GC Heap History (0 events):
No events

Dll operation events (1 events):
Event: 0.013 Loaded shared library C:\Users\mdtas\.jdks\corretto-17.0.11\bin\java.dll

Deoptimization events (0 events):
No events

Classes unloaded (0 events):
No events

Classes redefined (0 events):
No events

Internal exceptions (0 events):
No events

VM Operations (0 events):
No events

Events (0 events):
No events


Dynamic libraries:
0x00007ff6a3430000 - 0x00007ff6a343e000 	C:\Users\mdtas\.jdks\corretto-17.0.11\bin\java.exe
0x00007ffc79070000 - 0x00007ffc79287000 	C:\WINDOWS\SYSTEM32\ntdll.dll
0x00007ffc77670000 - 0x00007ffc77734000 	C:\WINDOWS\System32\KERNEL32.DLL
0x00007ffc766a0000 - 0x00007ffc76a47000 	C:\WINDOWS\System32\KERNELBASE.dll
0x0000000061a20000 - 0x0000000061d52000 	C:\Program Files\Norton Security\NortonData\22.24.2.6\Definitions\IPSDefs\20240515.064\IPSEng64.dll
0x00007ffc77a60000 - 0x00007ffc77b12000 	C:\WINDOWS\System32\ADVAPI32.dll
0x00007ffc78cb0000 - 0x00007ffc78d57000 	C:\WINDOWS\System32\msvcrt.dll
0x00007ffc78c00000 - 0x00007ffc78ca8000 	C:\WINDOWS\System32\sechost.dll
0x00007ffc76a80000 - 0x00007ffc76aa8000 	C:\WINDOWS\System32\bcrypt.dll
0x00007ffc78f10000 - 0x00007ffc79025000 	C:\WINDOWS\System32\RPCRT4.dll
0x00007ffc778a0000 - 0x00007ffc778a8000 	C:\WINDOWS\System32\PSAPI.DLL
0x00007ffc76410000 - 0x00007ffc76521000 	C:\WINDOWS\System32\ucrtbase.dll
0x00007ffc61360000 - 0x00007ffc61377000 	C:\Users\mdtas\.jdks\corretto-17.0.11\bin\jli.dll
0x00007ffc5f0d0000 - 0x00007ffc5f0eb000 	C:\Users\mdtas\.jdks\corretto-17.0.11\bin\VCRUNTIME140.dll
0x00007ffc778b0000 - 0x00007ffc77a5e000 	C:\WINDOWS\System32\USER32.dll
0x00007ffc76a50000 - 0x00007ffc76a76000 	C:\WINDOWS\System32\win32u.dll
0x00007ffc76eb0000 - 0x00007ffc76ed9000 	C:\WINDOWS\System32\GDI32.dll
0x00007ffc55140000 - 0x00007ffc553d3000 	C:\WINDOWS\WinSxS\amd64_microsoft.windows.common-controls_6595b64144ccf1df_6.0.22621.3527_none_270e469b73872a76\COMCTL32.dll
0x00007ffc76b50000 - 0x00007ffc76c69000 	C:\WINDOWS\System32\gdi32full.dll
0x00007ffc76ab0000 - 0x00007ffc76b4a000 	C:\WINDOWS\System32\msvcp_win.dll
0x00007ffc774c0000 - 0x00007ffc774f1000 	C:\WINDOWS\System32\IMM32.DLL
0x00007ffc73050000 - 0x00007ffc7305c000 	C:\Users\mdtas\.jdks\corretto-17.0.11\bin\vcruntime140_1.dll
0x00007ffc55db0000 - 0x00007ffc55e3d000 	C:\Users\mdtas\.jdks\corretto-17.0.11\bin\msvcp140.dll
0x00007ffbe04d0000 - 0x00007ffbe1132000 	C:\Users\mdtas\.jdks\corretto-17.0.11\bin\server\jvm.dll
0x00007ffc6df60000 - 0x00007ffc6df6a000 	C:\WINDOWS\SYSTEM32\VERSION.dll
0x00007ffc75c20000 - 0x00007ffc75c6d000 	C:\WINDOWS\SYSTEM32\POWRPROF.dll
0x00007ffc73f70000 - 0x00007ffc73f79000 	C:\WINDOWS\SYSTEM32\WSOCK32.dll
0x00007ffc6db00000 - 0x00007ffc6db34000 	C:\WINDOWS\SYSTEM32\WINMM.dll
0x00007ffc78320000 - 0x00007ffc78391000 	C:\WINDOWS\System32\WS2_32.dll
0x00007ffc75c00000 - 0x00007ffc75c13000 	C:\WINDOWS\SYSTEM32\UMPDC.dll
0x00007ffc75370000 - 0x00007ffc75388000 	C:\WINDOWS\SYSTEM32\kernel.appcore.dll
0x00007ffc6d610000 - 0x00007ffc6d61a000 	C:\Users\mdtas\.jdks\corretto-17.0.11\bin\jimage.dll
0x00007ffc73d30000 - 0x00007ffc73f63000 	C:\WINDOWS\SYSTEM32\DBGHELP.DLL
0x00007ffc770c0000 - 0x00007ffc77448000 	C:\WINDOWS\System32\combase.dll
0x00007ffc76ee0000 - 0x00007ffc76fb7000 	C:\WINDOWS\System32\OLEAUT32.dll
0x00007ffc58dc0000 - 0x00007ffc58df2000 	C:\WINDOWS\SYSTEM32\dbgcore.DLL
0x00007ffc76390000 - 0x00007ffc76409000 	C:\WINDOWS\System32\bcryptPrimitives.dll
0x00007ffc5ec30000 - 0x00007ffc5ec3e000 	C:\Users\mdtas\.jdks\corretto-17.0.11\bin\instrument.dll
0x00007ffc5ec40000 - 0x00007ffc5ec65000 	C:\Users\mdtas\.jdks\corretto-17.0.11\bin\java.dll

dbghelp: loaded successfully - version: 4.0.5 - missing functions: none
symbol engine: initialized successfully - sym options: 0x614 - pdb path: .;C:\Users\mdtas\.jdks\corretto-17.0.11\bin;C:\WINDOWS\SYSTEM32;C:\Program Files\Norton Security\NortonData\22.24.2.6\Definitions\IPSDefs\20240515.064;C:\WINDOWS\WinSxS\amd64_microsoft.windows.common-controls_6595b64144ccf1df_6.0.22621.3527_none_270e469b73872a76;C:\Users\mdtas\.jdks\corretto-17.0.11\bin\server

VM Arguments:
jvm_args: -XX:TieredStopAtLevel=1 -Dspring.output.ansi.enabled=always -Dcom.sun.management.jmxremote -Dspring.jmx.enabled=true -Dspring.liveBeansView.mbeanDomain -Dspring.application.admin.enabled=true -Dmanagement.endpoints.jmx.exposure.include=* -javaagent:C:\Program Files\JetBrains\IntelliJ IDEA 2024.1\lib\idea_rt.jar=51357:C:\Program Files\JetBrains\IntelliJ IDEA 2024.1\bin -Dfile.encoding=UTF-8 
java_command: restapi.banking.app.AppApplication
java_class_path (initial): C:\Users\mdtas\2.4\CodeGeneretion-BankingAPI\backend\target\classes;C:\Users\mdtas\.m2\repository\org\springframework\boot\spring-boot-starter-data-jpa\3.2.4\spring-boot-starter-data-jpa-3.2.4.jar;C:\Users\mdtas\.m2\repository\org\springframework\boot\spring-boot-starter-aop\3.2.4\spring-boot-starter-aop-3.2.4.jar;C:\Users\mdtas\.m2\repository\org\aspectj\aspectjweaver\1.9.21\aspectjweaver-1.9.21.jar;C:\Users\mdtas\.m2\repository\org\springframework\boot\spring-boot-starter-jdbc\3.2.4\spring-boot-starter-jdbc-3.2.4.jar;C:\Users\mdtas\.m2\repository\com\zaxxer\HikariCP\5.0.1\HikariCP-5.0.1.jar;C:\Users\mdtas\.m2\repository\org\springframework\spring-jdbc\6.1.5\spring-jdbc-6.1.5.jar;C:\Users\mdtas\.m2\repository\org\hibernate\orm\hibernate-core\6.4.4.Final\hibernate-core-6.4.4.Final.jar;C:\Users\mdtas\.m2\repository\jakarta\persistence\jakarta.persistence-api\3.1.0\jakarta.persistence-api-3.1.0.jar;C:\Users\mdtas\.m2\repository\jakarta\transaction\jakarta.transaction-api\2.0.1\jakarta.transaction-api-2.0.1.jar;C:\Users\mdtas\.m2\repository\org\jboss\logging\jboss-logging\3.5.3.Final\jboss-logging-3.5.3.Final.jar;C:\Users\mdtas\.m2\repository\org\hibernate\common\hibernate-commons-annotations\6.0.6.Final\hibernate-commons-annotations-6.0.6.Final.jar;C:\Users\mdtas\.m2\repository\io\smallrye\jandex\3.1.2\jandex-3.1.2.jar;C:\Users\mdtas\.m2\repository\com\fasterxml\classmate\1.6.0\classmate-1.6.0.jar;C:\Users\mdtas\.m2\repository\net\bytebuddy\byte-buddy\1.14.12\byte-buddy-1.14.12.jar;C:\Users\mdtas\.m2\repository\org\glassfish\jaxb\jaxb-runtime\4.0.5\jaxb-runtime-4.0.5.jar;C:\Users\mdtas\.m2\repository\org\glassfish\jaxb\jaxb-core\4.0.5\jaxb-core-4.0.5.jar;C:\Users\mdtas\.m2\repository\org\eclipse\angus\angus-activation\2.0.2\angus-activation-2.0.2.jar;C:\Users\mdtas\.m2\repository\org\glassfish\jaxb\txw2\4.0.5\txw2-4.0.5.jar;C:\Users\mdtas\.m2\repository\com\sun\istack\istack-commons-runtime\4.1.2\istack-commons-runtime-4.1.2.jar;C:\Users\m
Launcher Type: SUN_STANDARD

[Global flags]
     intx CICompilerCount                          = 4                                         {product} {ergonomic}
     uint ConcGCThreads                            = 3                                         {product} {ergonomic}
     uint G1ConcRefinementThreads                  = 10                                        {product} {ergonomic}
   size_t G1HeapRegionSize                         = 1048576                                   {product} {ergonomic}
    uintx GCDrainStackTargetSize                   = 64                                        {product} {ergonomic}
   size_t InitialHeapSize                          = 123731968                                 {product} {ergonomic}
     bool ManagementServer                         = true                                      {product} {command line}
   size_t MarkStackSize                            = 4194304                                   {product} {ergonomic}
   size_t MaxHeapSize                              = 1973420032                                {product} {ergonomic}
   size_t MinHeapDeltaBytes                        = 1048576                                   {product} {ergonomic}
   size_t MinHeapSize                              = 8388608                                   {product} {ergonomic}
    uintx NonProfiledCodeHeapSize                  = 0                                      {pd product} {ergonomic}
     bool ProfileInterpreter                       = false                                  {pd product} {command line}
    uintx ProfiledCodeHeapSize                     = 0                                      {pd product} {ergonomic}
   size_t SoftMaxHeapSize                          = 1973420032                             {manageable} {ergonomic}
     intx TieredStopAtLevel                        = 1                                         {product} {command line}
     bool UseCompressedClassPointers               = true                           {product lp64_product} {ergonomic}
     bool UseCompressedOops                        = true                           {product lp64_product} {ergonomic}
     bool UseG1GC                                  = true                                      {product} {ergonomic}
     bool UseLargePagesIndividualAllocation        = false                                  {pd product} {ergonomic}

Logging:
Log output configuration:
 #0: stdout all=warning uptime,level,tags
 #1: stderr all=off uptime,level,tags

Environment Variables:
PATH=C:\Program Files\Common Files\Oracle\Java\javapath;C:\WINDOWS\system32;C:\WINDOWS;C:\WINDOWS\System32\Wbem;C:\WINDOWS\System32\WindowsPowerShell\v1.0\;C:\WINDOWS\System32\OpenSSH\;C:\Program Files\Docker\Docker\resources\bin;C:\Program Files\php-8.3.4;C:\Program Files\nodejs\;C:\Program Files\php-8.3.4;C:\ProgramData\ComposerSetup\bin;C:\Program Files;C:\Program Files\Java\jdk-22\bin;C:\Program Files\Git\cmd;C:\Users\mdtas\AppData\Local\Microsoft\WindowsApps;C:\Users\mdtas\AppData\Local\GitHubDesktop\bin;C:\Users\mdtas\AppData\Local\Programs\Microsoft VS Code\bin;C:\Users\mdtas\AppData\Roaming\npm;C:\Users\mdtas\AppData\Roaming\Composer\vendor\bin
USERNAME=mdtas
OS=Windows_NT
PROCESSOR_IDENTIFIER=AMD64 Family 25 Model 80 Stepping 0, AuthenticAMD
TMP=C:\Users\mdtas\AppData\Local\Temp
TEMP=C:\Users\mdtas\AppData\Local\Temp



Periodic native trim disabled


---------------  S Y S T E M  ---------------

OS:
 Windows 11 , 64 bit Build 22621 (10.0.22621.3527)
OS uptime: 5 days 14:16 hours
Hyper-V role detected

CPU: total 12 (initial active 12) (12 cores per cpu, 2 threads per core) family 25 model 80 stepping 0 microcode 0x0, cx8, cmov, fxsr, ht, mmx, 3dnowpref, sse, sse2, sse3, ssse3, sse4a, sse4.1, sse4.2, popcnt, lzcnt, tsc, tscinvbit, avx, avx2, aes, erms, clmul, bmi1, bmi2, adx, sha, fma, vzeroupper, clflush, clflushopt, hv
Processor Information for all 12 processors :
  Max Mhz: 2000, Current Mhz: 2000, Mhz Limit: 2000

Memory: 4k page, system-wide physical 7520M (328M free)
TotalPageFile size 31072M (AvailPageFile size 2M)
current process WorkingSet (physical memory assigned to process): 11M, peak: 11M
current process commit charge ("private bytes"): 53M, peak: 54M

vm_info: OpenJDK 64-Bit Server VM (17.0.11+9-LTS) for windows-amd64 JRE (17.0.11+9-LTS), built on Apr 10 2024 22:12:24 by "Administrator" with MS VC++ 16.10 / 16.11 (VS2019)

END.
